TN:
SF:src\resolvers.ts
FN:42,get
FN:12,GetUser
FN:15,Auth
FN:18,GetProjects
FN:24,CreateUser
FN:27,CreateProject
FN:30,UpdateProject
FN:34,DeleteProject
FN:37,DeleteUser
FNF:9
FNH:9
FNDA:26,get
FNDA:6,GetUser
FNDA:3,Auth
FNDA:5,GetProjects
FNDA:3,CreateUser
FNDA:2,CreateProject
FNDA:3,UpdateProject
FNDA:2,DeleteProject
FNDA:2,DeleteUser
DA:1,1
DA:2,1
DA:3,1
DA:4,1
DA:5,1
DA:6,1
DA:7,1
DA:8,1
DA:9,1
DA:10,1
DA:11,1
DA:12,1
DA:13,6
DA:14,6
DA:15,1
DA:16,3
DA:17,3
DA:18,1
DA:19,5
DA:20,5
DA:21,1
DA:22,1
DA:23,1
DA:24,1
DA:25,3
DA:26,3
DA:27,1
DA:28,2
DA:29,2
DA:30,1
DA:31,3
DA:32,3
DA:33,1
DA:34,1
DA:35,2
DA:36,2
DA:37,1
DA:38,2
DA:39,2
DA:40,1
DA:41,1
DA:42,1
LF:42
LH:42
BRDA:42,0,0,26
BRDA:12,1,0,6
BRDA:15,2,0,3
BRDA:18,3,0,5
BRDA:24,4,0,3
BRDA:27,5,0,2
BRDA:30,6,0,3
BRDA:34,7,0,2
BRDA:37,8,0,2
BRF:9
BRH:9
end_of_record
TN:
SF:src\schemas.ts
FN:66,get
FNF:1
FNH:1
FNDA:26,get
DA:1,1
DA:2,1
DA:3,1
DA:4,1
DA:5,1
DA:6,1
DA:7,1
DA:8,1
DA:9,1
DA:10,1
DA:11,1
DA:12,1
DA:13,1
DA:14,1
DA:15,1
DA:16,1
DA:17,1
DA:18,1
DA:19,1
DA:20,1
DA:21,1
DA:22,1
DA:23,1
DA:24,1
DA:25,1
DA:26,1
DA:27,1
DA:28,1
DA:29,1
DA:30,1
DA:31,1
DA:32,1
DA:33,1
DA:34,1
DA:35,1
DA:36,1
DA:37,1
DA:38,1
DA:39,1
DA:40,1
DA:41,1
DA:42,1
DA:43,1
DA:44,1
DA:45,1
DA:46,1
DA:47,1
DA:48,1
DA:49,1
DA:50,1
DA:51,1
DA:52,1
DA:53,1
DA:54,1
DA:55,1
DA:56,1
DA:57,1
DA:58,1
DA:59,1
DA:60,1
DA:61,1
DA:62,1
DA:63,1
DA:64,1
DA:65,1
DA:66,1
LF:66
LH:66
BRDA:66,0,0,26
BRF:1
BRH:1
end_of_record
TN:
SF:src\resolvers\project.resolver.ts
FN:7,CreateProject
FN:51,GetProjects
FN:70,UpdateProject
FN:124,DeleteProject
FNF:4
FNH:4
FNDA:2,CreateProject
FNDA:5,GetProjects
FNDA:3,UpdateProject
FNDA:2,DeleteProject
DA:1,1
DA:2,1
DA:3,1
DA:4,1
DA:5,1
DA:6,1
DA:7,2
DA:8,2
DA:9,2
DA:10,2
DA:11,2
DA:12,2
DA:13,2
DA:14,2
DA:15,2
DA:16,2
DA:17,2
DA:18,2
DA:19,2
DA:20,2
DA:21,2
DA:22,2
DA:23,2
DA:24,1
DA:25,1
DA:26,1
DA:27,1
DA:28,1
DA:29,1
DA:30,1
DA:31,1
DA:32,1
DA:33,1
DA:34,1
DA:35,1
DA:36,1
DA:37,1
DA:38,1
DA:39,1
DA:40,1
DA:41,1
DA:42,1
DA:43,1
DA:44,1
DA:45,1
DA:46,1
DA:47,1
DA:48,1
DA:49,1
DA:50,1
DA:51,5
DA:52,5
DA:53,5
DA:54,5
DA:55,5
DA:56,5
DA:57,5
DA:58,5
DA:59,4
DA:60,4
DA:61,4
DA:62,5
DA:63,1
DA:64,1
DA:65,1
DA:66,1
DA:67,1
DA:68,5
DA:69,1
DA:70,3
DA:71,3
DA:72,3
DA:73,3
DA:74,3
DA:75,3
DA:76,3
DA:77,3
DA:78,3
DA:79,3
DA:80,3
DA:81,2
DA:82,2
DA:83,2
DA:84,2
DA:85,2
DA:86,2
DA:87,2
DA:88,2
DA:89,2
DA:90,2
DA:91,2
DA:92,2
DA:93,1
DA:94,1
DA:95,1
DA:96,1
DA:97,1
DA:98,1
DA:99,1
DA:100,1
DA:101,1
DA:102,1
DA:103,1
DA:104,1
DA:105,1
DA:106,1
DA:107,1
DA:108,2
DA:109,2
DA:110,2
DA:111,2
DA:112,2
DA:113,2
DA:114,2
DA:115,2
DA:116,2
DA:117,3
DA:118,1
DA:119,1
DA:120,1
DA:121,1
DA:122,3
DA:123,1
DA:124,2
DA:125,2
DA:126,2
DA:127,2
DA:128,2
DA:129,2
DA:130,2
DA:131,2
DA:132,1
DA:133,1
DA:134,1
DA:135,1
DA:136,2
DA:137,1
DA:138,1
DA:139,1
DA:140,1
DA:141,2
DA:142,1
DA:143,1
LF:143
LH:143
BRDA:7,0,0,2
BRDA:23,1,0,1
BRDA:14,2,0,8
BRDA:44,3,0,1
BRDA:51,4,0,5
BRDA:58,5,0,4
BRDA:62,6,0,1
BRDA:70,7,0,3
BRDA:80,8,0,2
BRDA:92,9,0,1
BRDA:94,10,0,1
BRDA:110,11,0,2
BRDA:117,12,0,1
BRDA:124,13,0,2
BRDA:131,14,0,1
BRDA:136,15,0,1
BRF:16
BRH:16
end_of_record
TN:
SF:src\resolvers\user.resolver.ts
FN:8,Register
FN:44,Login
FN:90,Auth
FN:109,DeleteUser
FNF:4
FNH:4
FNDA:3,Register
FNDA:6,Login
FNDA:3,Auth
FNDA:2,DeleteUser
DA:1,1
DA:2,1
DA:3,1
DA:4,1
DA:5,1
DA:6,1
DA:7,1
DA:8,3
DA:9,3
DA:10,9
DA:11,3
DA:12,3
DA:13,1
DA:14,1
DA:15,1
DA:16,1
DA:17,1
DA:18,1
DA:19,2
DA:20,2
DA:21,2
DA:22,2
DA:23,2
DA:24,2
DA:25,2
DA:26,2
DA:27,2
DA:28,2
DA:29,1
DA:30,1
DA:31,1
DA:32,1
DA:33,2
DA:34,1
DA:35,1
DA:36,1
DA:37,1
DA:38,1
DA:39,1
DA:40,1
DA:41,1
DA:42,2
DA:43,1
DA:44,6
DA:45,6
DA:46,6
DA:47,6
DA:48,1
DA:49,1
DA:50,1
DA:51,1
DA:52,1
DA:53,1
DA:54,5
DA:55,5
DA:56,5
DA:57,5
DA:58,5
DA:59,5
DA:60,5
DA:61,5
DA:62,5
DA:63,1
DA:64,1
DA:65,1
DA:66,1
DA:67,1
DA:68,1
DA:69,4
DA:70,4
DA:71,4
DA:72,4
DA:73,4
DA:74,3
DA:75,3
DA:76,3
DA:77,3
DA:78,3
DA:79,3
DA:80,3
DA:81,3
DA:82,1
DA:83,1
DA:84,1
DA:85,1
DA:86,5
DA:87,5
DA:88,5
DA:89,1
DA:90,3
DA:91,3
DA:92,3
DA:93,3
DA:94,3
DA:95,3
DA:96,3
DA:97,3
DA:98,3
DA:99,3
DA:100,3
DA:101,1
DA:102,1
DA:103,1
DA:104,1
DA:105,1
DA:106,1
DA:107,3
DA:108,1
DA:109,2
DA:110,2
DA:111,2
DA:112,2
DA:113,2
DA:114,2
DA:115,2
DA:116,2
DA:117,1
DA:118,1
DA:119,1
DA:120,1
DA:121,2
DA:122,1
DA:123,1
DA:124,1
DA:125,1
DA:126,2
DA:127,1
LF:127
LH:127
BRDA:8,0,0,3
BRDA:12,1,0,1
BRDA:19,2,0,2
BRDA:9,3,0,9
BRDA:28,4,0,1
BRDA:33,5,0,1
BRDA:44,6,0,6
BRDA:47,7,0,1
BRDA:54,8,0,5
BRDA:45,9,0,12
BRDA:61,10,0,5
BRDA:62,11,0,1
BRDA:69,12,0,4
BRDA:73,13,0,3
BRDA:81,14,0,1
BRDA:90,15,0,3
BRDA:100,16,0,1
BRDA:109,17,0,2
BRDA:116,18,0,1
BRDA:121,19,0,1
BRF:20
BRH:20
end_of_record
TN:
SF:src\test\resolvers\project.client.ts
FN:6,get
FN:12,CreateProject
FN:51,GetProjects
FN:87,UpdateProject
FN:112,DeleteProject
FNF:5
FNH:5
FNDA:12,get
FNDA:2,CreateProject
FNDA:5,GetProjects
FNDA:3,UpdateProject
FNDA:2,DeleteProject
DA:1,1
DA:2,1
DA:3,1
DA:4,1
DA:5,1
DA:6,1
DA:7,1
DA:8,1
DA:9,1
DA:10,1
DA:11,1
DA:12,1
DA:13,2
DA:14,2
DA:15,2
DA:16,2
DA:17,2
DA:18,2
DA:19,2
DA:20,2
DA:21,2
DA:22,2
DA:23,2
DA:24,2
DA:25,2
DA:26,2
DA:27,2
DA:28,2
DA:29,2
DA:30,2
DA:31,2
DA:32,2
DA:33,2
DA:34,2
DA:35,2
DA:36,2
DA:37,2
DA:38,2
DA:39,2
DA:40,2
DA:41,2
DA:42,2
DA:43,2
DA:44,2
DA:45,2
DA:46,2
DA:47,2
DA:48,2
DA:49,2
DA:50,1
DA:51,1
DA:52,5
DA:53,5
DA:54,5
DA:55,5
DA:56,5
DA:57,5
DA:58,5
DA:59,5
DA:60,5
DA:61,5
DA:62,5
DA:63,5
DA:64,5
DA:65,5
DA:66,5
DA:67,5
DA:68,5
DA:69,5
DA:70,5
DA:71,5
DA:72,5
DA:73,5
DA:74,5
DA:75,5
DA:76,5
DA:77,5
DA:78,5
DA:79,5
DA:80,5
DA:81,5
DA:82,5
DA:83,5
DA:84,5
DA:85,5
DA:86,1
DA:87,1
DA:88,3
DA:89,3
DA:90,3
DA:91,3
DA:92,3
DA:93,3
DA:94,3
DA:95,3
DA:96,3
DA:97,3
DA:98,3
DA:99,3
DA:100,3
DA:101,3
DA:102,3
DA:103,3
DA:104,3
DA:105,3
DA:106,3
DA:107,3
DA:108,3
DA:109,3
DA:110,3
DA:111,1
DA:112,1
DA:113,2
DA:114,2
DA:115,2
DA:116,2
DA:117,2
DA:118,2
DA:119,2
DA:120,2
DA:121,2
DA:122,2
DA:123,2
DA:124,2
DA:125,2
DA:126,2
DA:127,2
DA:128,1
LF:128
LH:128
BRDA:6,0,0,12
BRDA:12,1,0,2
BRDA:51,2,0,5
BRDA:87,3,0,3
BRDA:112,4,0,2
BRF:5
BRH:5
end_of_record
TN:
SF:src\test\resolvers\user.client.ts
FN:6,get
FN:12,CreateUser
FN:35,GetUser
FN:56,Authorize
FN:76,DeleteUser
FNF:5
FNH:5
FNDA:14,get
FNDA:3,CreateUser
FNDA:6,GetUser
FNDA:3,Authorize
FNDA:2,DeleteUser
DA:1,1
DA:2,1
DA:3,1
DA:4,1
DA:5,1
DA:6,1
DA:7,1
DA:8,1
DA:9,1
DA:10,1
DA:11,1
DA:12,1
DA:13,3
DA:14,3
DA:15,3
DA:16,3
DA:17,3
DA:18,3
DA:19,3
DA:20,3
DA:21,3
DA:22,3
DA:23,3
DA:24,3
DA:25,3
DA:26,3
DA:27,3
DA:28,3
DA:29,3
DA:30,3
DA:31,3
DA:32,3
DA:33,3
DA:34,1
DA:35,1
DA:36,6
DA:37,6
DA:38,6
DA:39,6
DA:40,6
DA:41,6
DA:42,6
DA:43,6
DA:44,6
DA:45,6
DA:46,6
DA:47,6
DA:48,6
DA:49,6
DA:50,6
DA:51,6
DA:52,6
DA:53,6
DA:54,6
DA:55,1
DA:56,1
DA:57,3
DA:58,3
DA:59,3
DA:60,3
DA:61,3
DA:62,3
DA:63,3
DA:64,3
DA:65,3
DA:66,3
DA:67,3
DA:68,3
DA:69,3
DA:70,3
DA:71,3
DA:72,3
DA:73,3
DA:74,3
DA:75,1
DA:76,1
DA:77,2
DA:78,2
DA:79,2
DA:80,2
DA:81,2
DA:82,2
DA:83,2
DA:84,2
DA:85,2
DA:86,2
DA:87,2
DA:88,2
DA:89,2
DA:90,2
DA:91,2
DA:92,1
LF:92
LH:92
BRDA:6,0,0,14
BRDA:12,1,0,3
BRDA:35,2,0,6
BRDA:56,3,0,3
BRDA:76,4,0,2
BRF:5
BRH:5
end_of_record
TN:
SF:src\utils\crypt.ts
FN:59,get
FN:24,encrypt
FN:36,decrypt
FNF:3
FNH:3
FNDA:6,get
FNDA:2,encrypt
FNDA:4,decrypt
DA:1,1
DA:2,1
DA:3,1
DA:4,1
DA:5,1
DA:6,1
DA:7,1
DA:8,1
DA:9,1
DA:10,2
DA:11,1
DA:12,1
DA:13,1
DA:14,1
DA:15,1
DA:16,1
DA:17,1
DA:18,1
DA:19,1
DA:20,1
DA:21,1
DA:22,1
DA:23,1
DA:24,1
DA:25,2
DA:26,2
DA:27,2
DA:28,2
DA:29,2
DA:30,2
DA:31,2
DA:32,2
DA:33,2
DA:34,2
DA:35,1
DA:36,1
DA:37,4
DA:38,4
DA:39,4
DA:40,4
DA:41,4
DA:42,4
DA:43,4
DA:44,4
DA:45,4
DA:46,4
DA:47,1
DA:48,1
DA:49,1
DA:50,1
DA:51,1
DA:52,1
DA:53,1
DA:54,1
DA:55,1
DA:56,1
DA:57,1
DA:58,1
DA:59,1
LF:59
LH:59
BRDA:59,0,0,6
BRDA:10,1,0,2
BRDA:24,2,0,2
BRDA:36,3,0,4
BRF:4
BRH:4
end_of_record
TN:
SF:src\utils\jwToken.ts
FN:22,get
FN:10,tokenSign
FN:17,tokenVerify
FNF:3
FNH:3
FNDA:6,get
FNDA:3,tokenSign
FNDA:3,tokenVerify
DA:1,1
DA:2,1
DA:3,1
DA:4,1
DA:5,1
DA:6,1
DA:7,1
DA:8,1
DA:9,1
DA:10,1
DA:11,3
DA:12,3
DA:13,3
DA:14,3
DA:15,3
DA:16,1
DA:17,1
DA:18,3
DA:19,3
DA:20,1
DA:21,1
DA:22,1
LF:22
LH:22
BRDA:22,0,0,6
BRDA:10,1,0,3
BRDA:17,2,0,3
BRF:3
BRH:3
end_of_record
